#
# There is insufficient memory for the Java Runtime Environment to continue.
# Native memory allocation (mmap) failed to map 134217728 bytes for Failed to commit area from 0x0000000080800000 to 0x0000000088800000 of length 134217728.
# Possible reasons:
#   The system is out of physical RAM or swap space
#   The process is running with CompressedOops enabled, and the Java Heap may be blocking the growth of the native heap
# Possible solutions:
#   Reduce memory load on the system
#   Increase physical memory or swap space
#   Check if swap backing store is full
#   Decrease Java heap size (-Xmx/-Xms)
#   Decrease number of Java threads
#   Decrease Java thread stack sizes (-Xss)
#   Set larger code cache with -XX:ReservedCodeCacheSize=
# This output file may be truncated or incomplete.
#
#  Out of Memory Error (t:/workspace/open/src/hotspot/os/windows/os_windows.cpp:3269), pid=11232, tid=7600
#
# JRE version:  (11.0+28) (build )
# Java VM: Java HotSpot(TM) 64-Bit Server VM (11+28, mixed mode, aot, sharing, tiered, compressed oops, g1 gc, windows-amd64)
# No core dump will be written. Minidumps are not enabled by default on client versions of Windows
#

---------------  S U M M A R Y ------------

Command Line: 

Host: AMD FX(tm)-8320 Eight-Core Processor           , 8 cores, 7G,  Windows 10 , 64 bit Build 19041 (10.0.19041.1348)
Time: Wed Nov 17 18:26:42 2021 Hora estándar de Venezuela elapsed time: 0 seconds (0d 0h 0m 0s)

---------------  T H R E A D  ---------------

Current thread (0x000001ada691e000):  JavaThread "Unknown thread" [_thread_in_vm, id=7600, stack(0x000000ab8d300000,0x000000ab8d400000)]

Stack: [0x000000ab8d300000,0x000000ab8d400000]
Native frames: (J=compiled Java code, j=interpreted, Vv=VM code, C=native code)
V  [jvm.dll+0x63c22a]
V  [jvm.dll+0x7797ef]
V  [jvm.dll+0x77adda]
V  [jvm.dll+0x77b493]
V  [jvm.dll+0x262818]
V  [jvm.dll+0x6396da]
V  [jvm.dll+0x62dfb5]
V  [jvm.dll+0x31699c]
V  [jvm.dll+0x316822]
V  [jvm.dll+0x31c096]
V  [jvm.dll+0x3684af]
V  [jvm.dll+0x367ed0]
V  [jvm.dll+0x2f38b8]
V  [jvm.dll+0x2f4a16]
V  [jvm.dll+0x752db7]
V  [jvm.dll+0x7544ff]
V  [jvm.dll+0x3752e9]
V  [jvm.dll+0x7394b9]
V  [jvm.dll+0x3e46fd]
V  [jvm.dll+0x3e69d1]
C  [java.exe+0x3603]
C  [java.exe+0x178dc]
C  [KERNEL32.DLL+0x17034]
C  [ntdll.dll+0x52651]


---------------  P R O C E S S  ---------------

Threads class SMR info:
_java_thread_list=0x000001ada682c670, length=0, elements={
}

Java Threads: ( => current thread )

Other Threads:
  0x000001ada6935800 GCTaskThread "GC Thread#0" [stack: 0x000000ab8d400000,0x000000ab8d500000] [id=13892]
  0x000001ada6969000 ConcurrentGCThread "G1 Main Marker" [stack: 0x000000ab8d500000,0x000000ab8d600000] [id=12084]
  0x000001ada696b800 ConcurrentGCThread "G1 Conc#0" [stack: 0x000000ab8d600000,0x000000ab8d700000] [id=11088]

[error occurred during error reporting (printing all threads), id 0xc0000005, EXCEPTION_ACCESS_VIOLATION (0xc0000005) at pc=0x00007ffdcd3e2137]

VM state:not at safepoint (not fully initialized)

VM Mutex/Monitor currently owned by a thread:  ([mutex/lock_event])
[0x000001ada691c7c0] Heap_lock - owner thread: 0x000001ada691e000

Heap address: 0x0000000080800000, size: 2040 MB, Compressed Oops mode: Non-zero based: 0x0000000080800000
Narrow klass base: 0x0000000000000000, Narrow klass shift: 0

GC Heap History (0 events):
No events

Deoptimization events (0 events):
No events

Classes redefined (0 events):
No events

Internal exceptions (0 events):
No events

Events (0 events):
No events


Dynamic libraries:
0x00007ff610a40000 - 0x00007ff610a87000 	C:\Program Files\Java\jdk-11\bin\java.exe
0x00007ffe23730000 - 0x00007ffe23925000 	C:\Windows\SYSTEM32\ntdll.dll
0x00007ffe22bd0000 - 0x00007ffe22c8e000 	C:\Windows\System32\KERNEL32.DLL
0x00007ffe21410000 - 0x00007ffe216d8000 	C:\Windows\System32\KERNELBASE.dll
0x00007ffe21780000 - 0x00007ffe2182c000 	C:\Windows\System32\ADVAPI32.dll
0x00007ffe21ff0000 - 0x00007ffe2208e000 	C:\Windows\System32\msvcrt.dll
0x00007ffe21e40000 - 0x00007ffe21edb000 	C:\Windows\System32\sechost.dll
0x00007ffe21830000 - 0x00007ffe2195a000 	C:\Windows\System32\RPCRT4.dll
0x00007ffe230d0000 - 0x00007ffe23271000 	C:\Windows\System32\USER32.dll
0x00007ffe212d0000 - 0x00007ffe212f2000 	C:\Windows\System32\win32u.dll
0x00007ffe22a00000 - 0x00007ffe22a2b000 	C:\Windows\System32\GDI32.dll
0x00007ffe21300000 - 0x00007ffe2140b000 	C:\Windows\System32\gdi32full.dll
0x00007ffe216e0000 - 0x00007ffe2177d000 	C:\Windows\System32\msvcp_win.dll
0x00007ffe21040000 - 0x00007ffe21140000 	C:\Windows\System32\ucrtbase.dll
0x00007ffe10aa0000 - 0x00007ffe10d3a000 	C:\Windows\WinSxS\amd64_microsoft.windows.common-controls_6595b64144ccf1df_6.0.19041.1110_none_60b5254171f9507e\COMCTL32.dll
0x00007ffe1aed0000 - 0x00007ffe1aeda000 	C:\Windows\SYSTEM32\VERSION.dll
0x00007ffe21fc0000 - 0x00007ffe21ff0000 	C:\Windows\System32\IMM32.DLL
0x00007ffe167d0000 - 0x00007ffe167e6000 	C:\Program Files\Java\jdk-11\bin\vcruntime140.dll
0x00007ffde29f0000 - 0x00007ffde2a9a000 	C:\Program Files\Java\jdk-11\bin\msvcp140.dll
0x00007ffdcd0e0000 - 0x00007ffdcdc22000 	C:\Program Files\Java\jdk-11\bin\server\jvm.dll
0x00007ffe22090000 - 0x00007ffe22098000 	C:\Windows\System32\PSAPI.DLL
0x00007ffe16550000 - 0x00007ffe16559000 	C:\Windows\SYSTEM32\WSOCK32.dll
0x00007ffe19cf0000 - 0x00007ffe19d17000 	C:\Windows\SYSTEM32\WINMM.dll
0x00007ffe220a0000 - 0x00007ffe2210b000 	C:\Windows\System32\WS2_32.dll
0x00007ffe1ed70000 - 0x00007ffe1ed82000 	C:\Windows\SYSTEM32\kernel.appcore.dll
0x00007ffe12000000 - 0x00007ffe12011000 	C:\Program Files\Java\jdk-11\bin\verify.dll
0x00007ffe09d50000 - 0x00007ffe09f34000 	C:\Windows\SYSTEM32\DBGHELP.DLL
0x00007ffe08620000 - 0x00007ffe0864c000 	C:\Windows\SYSTEM32\dbgcore.DLL
0x00007ffe20fb0000 - 0x00007ffe21033000 	C:\Windows\System32\bcryptPrimitives.dll
0x00007ffde4370000 - 0x00007ffde4399000 	C:\Program Files\Java\jdk-11\bin\java.dll
0x00007ffe11fe0000 - 0x00007ffe11ff6000 	C:\Program Files\Java\jdk-11\bin\zip.dll
0x00007ffe1d1f0000 - 0x00007ffe1d1fa000 	C:\Program Files\Java\jdk-11\bin\jimage.dll

dbghelp: loaded successfully - version: 4.0.5 - missing functions: none
symbol engine: initialized successfully - sym options: 0x614 - pdb path: .;C:\Program Files\Java\jdk-11\bin;C:\Windows\SYSTEM32;C:\Windows\WinSxS\amd64_microsoft.windows.common-controls_6595b64144ccf1df_6.0.19041.1110_none_60b5254171f9507e;C:\Program Files\Java\jdk-11\bin\server

VM Arguments:
java_command: <unknown>
java_class_path (initial): <not set>
Launcher Type: SUN_STANDARD

[Global flags]
     intx CICompilerCount                          = 4                                         {product} {ergonomic}
     uint ConcGCThreads                            = 2                                         {product} {ergonomic}
     uint G1ConcRefinementThreads                  = 8                                         {product} {ergonomic}
   size_t G1HeapRegionSize                         = 1048576                                   {product} {ergonomic}
    uintx GCDrainStackTargetSize                   = 64                                        {product} {ergonomic}
   size_t InitialHeapSize                          = 134217728                                 {product} {ergonomic}
   size_t MarkStackSize                            = 4194304                                   {product} {ergonomic}
   size_t MaxHeapSize                              = 2139095040                                {product} {ergonomic}
   size_t MinHeapDeltaBytes                        = 1048576                                   {product} {ergonomic}
    uintx NonNMethodCodeHeapSize                   = 5835340                                {pd product} {ergonomic}
    uintx NonProfiledCodeHeapSize                  = 122911450                              {pd product} {ergonomic}
    uintx ProfiledCodeHeapSize                     = 122911450                              {pd product} {ergonomic}
    uintx ReservedCodeCacheSize                    = 251658240                              {pd product} {ergonomic}
     bool SegmentedCodeCache                       = true                                      {product} {ergonomic}
     bool UseCompressedClassPointers               = true                                 {lp64_product} {ergonomic}
     bool UseCompressedOops                        = true                                 {lp64_product} {ergonomic}
     bool UseG1GC                                  = true                                      {product} {ergonomic}
     bool UseLargePagesIndividualAllocation        = false                                  {pd product} {ergonomic}

Logging:
Log output configuration:
 #0: stdout all=warning uptime,level,tags
 #1: stderr all=off uptime,level,tags

Environment Variables:
PATH=C:\Users\jose_\Documents\z_med_express\frontPanicBtb\android\node_modules\.bin;C:\Users\jose_\Documents\z_med_express\frontPanicBtb\node_modules\.bin;C:\Users\jose_\Documents\z_med_express\node_modules\.bin;C:\Users\jose_\Documents\node_modules\.bin;C:\Users\jose_\node_modules\.bin;C:\Users\node_modules\.bin;C:\node_modules\.bin;C:\Program Files\nodejs;C:\Users\jose_\Documents\z_med_express\frontPanicBtb\node_modules\.bin;C:\Program Files\Python37\Scripts\;C:\Program Files\Python37\;C:\Windows\system32;C:\Windows;C:\Windows\System32\Wbem;C:\Windows\System32\WindowsPowerShell\v1.0\;C:\Windows\System32\OpenSSH\;C:\Program Files\nodejs\;C:\Program Files\Git\cmd;C:\xampp\php;C:\ProgramData\ComposerSetup\bin;C:\Program Files\Java\jdk-11\bin;C:\Program Files\PostgreSQL\13\bin;C:\Users\jose_\AppData\Local\Microsoft\WindowsApps;C:\Users\jose_\AppData\Roaming\npm;C:\Users\jose_\AppData\Local\Programs\Microsoft VS Code\bin;C:\Users\jose_\AppData\Roaming\Composer\vendor\bin;C:\Users\jose_\AppData\Local\Android\Sdk;C:\Program Files\heroku\bin
USERNAME=joset98
OS=Windows_NT
PROCESSOR_IDENTIFIER=AMD64 Family 21 Model 2 Stepping 0, AuthenticAMD



---------------  S Y S T E M  ---------------

OS: Windows 10 , 64 bit Build 19041 (10.0.19041.1348)

CPU:total 8 (initial active 8) (8 cores per cpu, 1 threads per core) family 21 model 2 stepping 0, cmov, cx8, fxsr, mmx, sse, sse2, sse3, ssse3, sse4.1, sse4.2, popcnt, avx, aes, clmul, mmxext, 3dnowpref, lzcnt, sse4a, tsc, tscinvbit, tscinv, bmi1, fma

Memory: 4k page, system-wide physical 8156M (1745M free)
TotalPageFile size 10962M (AvailPageFile size 104M)
current process WorkingSet (physical memory assigned to process): 9M, peak: 9M
current process commit charge ("private bytes"): 60M, peak: 187M

vm_info: Java HotSpot(TM) 64-Bit Server VM (11+28) for windows-amd64 JRE (11+28), built on Aug 23 2018 03:03:59 by "mach5one" with MS VC++ 15.5 (VS2017)

END.
